TN:
SF:/home/vagrant/project/MarsExplorer/src/Grid.cpp
FN:6,_ZN4GridC2Eii
FN:19,_ZN4GridD2Ev
FN:26,_ZN4Grid9check_posER8Position
FN:48,_ZN4Grid5visitER8PositionSt6vectorI6MovingSaIS3_EE
FN:66,_ZN4Grid8set_edgeEii
FN:72,_ZN4Grid8get_edgeEv
FN:77,_ZN4Grid12out_of_rangeER8Position
FN:89,_ZN4Grid12set_occupiedER8Position
FN:95,_ZN4Grid11is_occupiedER8Position
FN:98,_Z41__static_initialization_and_destruction_0ii
FN:98,_GLOBAL__sub_I__ZN4GridC2Eii
FNDA:1,_Z41__static_initialization_and_destruction_0ii
FNDA:0,_ZN4GridD2Ev
FNDA:32,_ZN4Grid12out_of_rangeER8Position
FNDA:31,_ZN4Grid11is_occupiedER8Position
FNDA:13,_ZN4Grid12set_occupiedER8Position
FNDA:0,_ZN4Grid8get_edgeEv
FNDA:1,_GLOBAL__sub_I__ZN4GridC2Eii
FNDA:14,_ZN4GridC2Eii
FNDA:15,_ZN4Grid5visitER8PositionSt6vectorI6MovingSaIS3_EE
FNDA:0,_ZN4Grid8set_edgeEii
FNDA:32,_ZN4Grid9check_posER8Position
FNF:11
FNH:8
DA:6,14
DA:8,14
DA:9,14
DA:11,14
DA:12,14
DA:13,94
DA:15,80
DA:17,14
DA:19,0
DA:21,0
DA:22,0
DA:23,0
DA:24,0
DA:26,32
DA:29,32
DA:31,1
DA:33,31
DA:35,1
DA:39,30
DA:48,15
DA:51,15
DA:52,0
DA:54,30
DA:56,17
DA:57,17
DA:59,2
DA:62,13
DA:63,13
DA:66,0
DA:68,0
DA:69,0
DA:70,0
DA:72,0
DA:74,0
DA:77,32
DA:79,63
DA:80,31
DA:81,1
DA:82,62
DA:83,31
DA:84,0
DA:85,31
DA:89,13
DA:92,13
DA:93,13
DA:95,31
DA:97,31
DA:98,3
LF:48
LH:35
end_of_record
TN:
SF:/home/vagrant/project/MarsExplorer/src/InstructionParser.cpp
FN:5,_ZN17InstructionParserD2Ev
FN:13,_ZN17InstructionParser5parseEv
FN:48,_ZN17InstructionParser8load_strERKSs
FN:56,_ZN17InstructionParser4loadERKSs
FN:69,_ZN17InstructionParser10parse_edgeERKSs
FN:81,_ZN17InstructionParser14parse_positionERKSsR9command_t
FN:105,_ZN17InstructionParser12parse_actionERKSsR9command_t
FN:120,_ZN17InstructionParser12get_commandsERSt6vectorI9command_tSaIS1_EE
FN:125,_ZN17InstructionParser8get_edgeER10Coordinate
FN:128,_Z41__static_initialization_and_destruction_0ii
FN:128,_GLOBAL__sub_I__ZN17InstructionParserD2Ev
FNDA:1,_Z41__static_initialization_and_destruction_0ii
FNDA:14,_ZN17InstructionParser5parseEv
FNDA:14,_ZN17InstructionParserD2Ev
FNDA:14,_ZN17InstructionParser8get_edgeER10Coordinate
FNDA:14,_ZN17InstructionParser12get_commandsERSt6vectorI9command_tSaIS1_EE
FNDA:1,_GLOBAL__sub_I__ZN17InstructionParserD2Ev
FNDA:0,_ZN17InstructionParser4loadERKSs
FNDA:14,_ZN17InstructionParser10parse_edgeERKSs
FNDA:15,_ZN17InstructionParser14parse_positionERKSsR9command_t
FNDA:15,_ZN17InstructionParser12parse_actionERKSsR9command_t
FNDA:14,_ZN17InstructionParser8load_strERKSs
FNF:11
FNH:10
DA:5,28
DA:7,14
DA:9,0
DA:11,14
DA:13,14
DA:15,14
DA:16,28
DA:17,14
DA:21,72
DA:23,44
DA:25,0
DA:31,44
DA:33,14
DA:35,30
DA:37,15
DA:41,15
DA:44,44
DA:45,14
DA:46,14
DA:48,14
DA:51,14
DA:52,14
DA:53,14
DA:56,0
DA:58,0
DA:59,0
DA:61,0
DA:63,0
DA:64,0
DA:66,0
DA:67,0
DA:69,14
DA:71,14
DA:72,14
DA:73,14
DA:74,14
DA:76,0
DA:79,14
DA:81,15
DA:85,15
DA:86,15
DA:87,15
DA:89,15
DA:91,0
DA:93,15
DA:94,15
DA:97,15
DA:99,0
DA:101,0
DA:103,15
DA:105,15
DA:109,32
DA:110,17
DA:112,0
DA:114,0
DA:116,15
DA:117,15
DA:118,15
DA:120,14
DA:122,14
DA:123,14
DA:125,14
DA:127,14
DA:128,17
LF:64
LH:48
end_of_record
TN:
SF:/home/vagrant/project/MarsExplorer/src/MarsExplorer.cpp
FN:5,_ZL13get_direction9Direction
FN:16,_ZN12MarsExplorerC2ERK9command_t
FN:25,_ZN12MarsExplorer12walk_throughER4Grid
FN:33,_ZN12MarsExplorer17print_destinationEv
FN:37,_Z41__static_initialization_and_destruction_0ii
FN:37,_GLOBAL__sub_I__ZN12MarsExplorerC2ERK9command_t
FNDA:1,_Z41__static_initialization_and_destruction_0ii
FNDA:0,_ZN12MarsExplorer17print_destinationEv
FNDA:15,_ZN12MarsExplorerC2ERK9command_t
FNDA:1,_GLOBAL__sub_I__ZN12MarsExplorerC2ERK9command_t
FNDA:15,_ZN12MarsExplorer12walk_throughER4Grid
FNDA:0,_ZL13get_direction9Direction
FNF:6
FNH:4
DA:5,0
DA:7,0
DA:8,0
DA:10,0
DA:11,0
DA:13,0
DA:16,15
DA:20,15
DA:21,15
DA:23,15
DA:25,15
DA:27,15
DA:29,15
DA:33,0
DA:35,0
DA:36,0
DA:37,3
LF:17
LH:8
end_of_record
TN:
SF:/home/vagrant/project/MarsExplorer/src/MarsPlan.cpp
FN:5,_ZN8MarsPlanC2Ev
FN:11,_ZN8MarsPlanC2ERKSs
FN:28,_ZN8MarsPlan12init_actionsERKSs
FN:44,_ZN8MarsPlan4execEv
FN:54,_ZN8MarsPlan5printEv
FN:61,_Z41__static_initialization_and_destruction_0ii
FN:61,_GLOBAL__sub_I__ZN8MarsPlanC2Ev
FNDA:1,_Z41__static_initialization_and_destruction_0ii
FNDA:1,_GLOBAL__sub_I__ZN8MarsPlanC2Ev
FNDA:0,_ZN8MarsPlan12init_actionsERKSs
FNDA:14,_ZN8MarsPlanC2ERKSs
FNDA:14,_ZN8MarsPlan4execEv
FNDA:0,_ZN8MarsPlanC2Ev
FNDA:0,_ZN8MarsPlan5printEv
FNF:7
FNH:4
DA:5,0
DA:7,0
DA:8,0
DA:9,0
DA:11,14
DA:14,14
DA:15,14
DA:16,14
DA:18,14
DA:19,29
DA:21,15
DA:22,15
DA:23,15
DA:26,14
DA:28,0
DA:30,0
DA:33,0
DA:34,0
DA:36,0
DA:37,0
DA:39,0
DA:40,0
DA:42,0
DA:44,14
DA:47,29
DA:49,15
DA:50,15
DA:52,14
DA:54,0
DA:56,0
DA:57,0
DA:59,0
DA:61,3
LF:33
LH:16
end_of_record
TN:
SF:/home/vagrant/project/MarsExplorer/src/Position.cpp
FN:5,_ZeqRK10position_tS1_
FN:14,_ZN8PositionC2ERK10position_t
FN:30,_ZN8Position4moveE6Moving
FN:51,_ZN8Position4leftEv
FN:55,_ZN8Position5rightEv
FN:60,_ZN8Position7forwardEv
FN:70,_Z41__static_initialization_and_destruction_0ii
FN:70,_GLOBAL__sub_I__ZeqRK10position_tS1_
FNDA:1,_Z41__static_initialization_and_destruction_0ii
FNDA:14,_ZeqRK10position_tS1_
FNDA:17,_ZN8Position4moveE6Moving
FNDA:15,_ZN8PositionC2ERK10position_t
FNDA:9,_ZN8Position7forwardEv
FNDA:1,_GLOBAL__sub_I__ZeqRK10position_tS1_
FNDA:4,_ZN8Position4leftEv
FNDA:4,_ZN8Position5rightEv
FNF:8
FNH:8
DA:5,14
DA:7,28
DA:8,28
DA:9,14
DA:10,14
DA:11,0
DA:14,15
DA:16,15
DA:17,15
DA:18,15
DA:20,15
DA:30,17
DA:32,17
DA:35,4
DA:36,4
DA:38,4
DA:39,4
DA:41,9
DA:42,9
DA:44,0
DA:47,17
DA:51,4
DA:53,4
DA:54,4
DA:55,4
DA:57,4
DA:58,4
DA:60,9
DA:62,9
DA:63,6
DA:64,3
DA:65,1
DA:66,2
DA:67,1
DA:68,1
DA:69,1
DA:70,12
LF:37
LH:35
end_of_record
TN:
SF:/home/vagrant/project/MarsExplorer/src/main.cpp
FN:6,_Z9main_funciPPc
FN:26,_Z41__static_initialization_and_destruction_0ii
FN:26,_GLOBAL__sub_I__Z9main_funciPPc
FNDA:1,_Z41__static_initialization_and_destruction_0ii
FNDA:1,_GLOBAL__sub_I__Z9main_funciPPc
FNDA:0,_Z9main_funciPPc
FNF:3
FNH:2
DA:6,0
DA:11,0
DA:12,0
DA:13,0
DA:14,0
DA:25,0
DA:26,3
LF:7
LH:1
end_of_record
