TN:
SF:/home/vagrant/project/MarsExplorer/src/Explorer.cpp
FN:5,_ZL13get_direction9Direction
FN:16,_ZN8ExplorerC2ERK7Command
FN:23,_ZN8Explorer9print_posEv
FN:37,_ZN8Explorer5visitER9StateGrid
FN:59,_ZN8Explorer11lookat_nextE6MovingR9StateGrid
FN:79,_ZN8Explorer4leftER8Position
FN:84,_ZN8Explorer5rightER8Position
FN:89,_ZN8Explorer7forwardER8PositionR9StateGrid
FN:103,_ZN8Explorer12process_edgeER8PositionR9StateGrid
FN:126,_Z41__static_initialization_and_destruction_0ii
FN:126,_GLOBAL__sub_I__ZN8ExplorerC2ERK7Command
FNDA:1,_Z41__static_initialization_and_destruction_0ii
FNDA:12,_ZN8Explorer7forwardER8PositionR9StateGrid
FNDA:4,_ZN8Explorer5rightER8Position
FNDA:19,_ZN8Explorer5visitER9StateGrid
FNDA:1,_GLOBAL__sub_I__ZN8ExplorerC2ERK7Command
FNDA:0,_ZN8Explorer9print_posEv
FNDA:4,_ZN8Explorer4leftER8Position
FNDA:19,_ZN8ExplorerC2ERK7Command
FNDA:12,_ZN8Explorer12process_edgeER8PositionR9StateGrid
FNDA:20,_ZN8Explorer11lookat_nextE6MovingR9StateGrid
FNDA:0,_ZL13get_direction9Direction
FNF:11
FNH:9
DA:5,0
DA:7,0
DA:8,0
DA:10,0
DA:11,0
DA:13,0
DA:16,19
DA:18,19
DA:19,19
DA:21,19
DA:23,0
DA:25,0
DA:26,0
DA:27,0
DA:29,0
DA:33,0
DA:35,0
DA:37,19
DA:39,19
DA:40,19
DA:42,20
DA:45,37
DA:47,20
DA:48,20
DA:49,20
DA:51,1
DA:52,1
DA:54,19
DA:56,18
DA:59,20
DA:61,20
DA:62,20
DA:65,4
DA:66,4
DA:68,4
DA:69,4
DA:71,12
DA:72,12
DA:74,0
DA:76,20
DA:79,4
DA:81,4
DA:82,4
DA:84,4
DA:86,4
DA:87,4
DA:89,12
DA:91,12
DA:92,6
DA:93,6
DA:94,2
DA:95,4
DA:96,2
DA:97,2
DA:98,2
DA:100,12
DA:101,12
DA:103,12
DA:106,12
DA:107,12
DA:109,12
DA:111,1
DA:113,11
DA:115,1
DA:118,12
DA:120,1
DA:122,11
DA:124,1
DA:126,15
LF:69
LH:55
end_of_record
TN:
SF:/home/vagrant/project/MarsExplorer/src/InstructionParser.cpp
FN:5,_ZN17InstructionParserD2Ev
FN:13,_ZN17InstructionParser5parseEv
FN:48,_ZN17InstructionParser8load_strERKSs
FN:56,_ZN17InstructionParser4loadERKSs
FN:69,_ZN17InstructionParser10parse_edgeERKSs
FN:81,_ZN17InstructionParser14parse_positionERKSsR7Command
FN:105,_ZN17InstructionParser12parse_actionERKSsR7Command
FN:120,_ZN17InstructionParser12get_commandsERSt6vectorI7CommandSaIS1_EE
FN:125,_ZN17InstructionParser8get_edgeER10Coordinate
FN:128,_Z41__static_initialization_and_destruction_0ii
FN:128,_GLOBAL__sub_I__ZN17InstructionParserD2Ev
FNDA:1,_Z41__static_initialization_and_destruction_0ii
FNDA:18,_ZN17InstructionParser12get_commandsERSt6vectorI7CommandSaIS1_EE
FNDA:18,_ZN17InstructionParser5parseEv
FNDA:18,_ZN17InstructionParserD2Ev
FNDA:18,_ZN17InstructionParser8get_edgeER10Coordinate
FNDA:19,_ZN17InstructionParser14parse_positionERKSsR7Command
FNDA:1,_GLOBAL__sub_I__ZN17InstructionParserD2Ev
FNDA:0,_ZN17InstructionParser4loadERKSs
FNDA:18,_ZN17InstructionParser10parse_edgeERKSs
FNDA:19,_ZN17InstructionParser12parse_actionERKSsR7Command
FNDA:18,_ZN17InstructionParser8load_strERKSs
FNF:11
FNH:10
DA:5,36
DA:7,18
DA:9,0
DA:11,18
DA:13,18
DA:15,18
DA:16,36
DA:17,18
DA:21,92
DA:23,56
DA:25,0
DA:31,56
DA:33,18
DA:35,38
DA:37,19
DA:41,19
DA:44,56
DA:45,18
DA:46,18
DA:48,18
DA:51,18
DA:52,18
DA:53,18
DA:56,0
DA:58,0
DA:59,0
DA:61,0
DA:63,0
DA:64,0
DA:66,0
DA:67,0
DA:69,18
DA:71,18
DA:72,18
DA:73,18
DA:74,18
DA:76,0
DA:79,18
DA:81,19
DA:85,19
DA:86,19
DA:87,19
DA:89,19
DA:91,0
DA:93,19
DA:94,19
DA:97,19
DA:99,0
DA:101,0
DA:103,19
DA:105,19
DA:109,40
DA:110,21
DA:112,0
DA:114,0
DA:116,19
DA:117,19
DA:118,19
DA:120,18
DA:122,18
DA:123,18
DA:125,18
DA:127,18
DA:128,21
LF:64
LH:48
end_of_record
TN:
SF:/home/vagrant/project/MarsExplorer/src/MarsPlan.cpp
FN:5,_ZN8MarsPlanC2Ev
FN:11,_ZN8MarsPlan16dispatch_commandERKSs
FN:43,_ZN8MarsPlan4execEv
FN:51,_ZN8MarsPlan3runERKSs
FN:57,_ZN8MarsPlan5printEv
FN:64,_Z41__static_initialization_and_destruction_0ii
FN:64,_GLOBAL__sub_I__ZN8MarsPlanC2Ev
FNDA:1,_Z41__static_initialization_and_destruction_0ii
FNDA:1,_GLOBAL__sub_I__ZN8MarsPlanC2Ev
FNDA:18,_ZN8MarsPlan4execEv
FNDA:18,_ZN8MarsPlanC2Ev
FNDA:0,_ZN8MarsPlan5printEv
FNDA:18,_ZN8MarsPlan3runERKSs
FNDA:18,_ZN8MarsPlan16dispatch_commandERKSs
FNF:7
FNH:6
DA:5,18
DA:7,18
DA:8,18
DA:9,18
DA:11,18
DA:13,18
DA:14,18
DA:15,18
DA:17,18
DA:18,37
DA:20,19
DA:21,19
DA:22,19
DA:23,18
DA:43,18
DA:45,37
DA:47,19
DA:49,18
DA:51,18
DA:53,18
DA:54,18
DA:55,18
DA:57,0
DA:59,0
DA:60,0
DA:62,0
DA:64,3
LF:27
LH:23
end_of_record
TN:
SF:/home/vagrant/project/MarsExplorer/src/StateGrid.cpp
FN:6,_ZN9StateGridC2Eii
FN:19,_ZN9StateGridD2Ev
FN:26,_ZN9StateGrid9check_posER8Position
FN:49,_ZN9StateGrid8set_edgeEii
FN:55,_ZN9StateGrid8get_edgeEv
FN:60,_ZN9StateGrid12out_of_rangeER8Position
FN:72,_ZN9StateGrid12set_occupiedER8Position
FN:81,_ZN9StateGrid11is_occupiedER8Position
FN:84,_Z41__static_initialization_and_destruction_0ii
FN:84,_GLOBAL__sub_I__ZN9StateGridC2Eii
FNDA:1,_Z41__static_initialization_and_destruction_0ii
FNDA:57,_ZN9StateGrid12out_of_rangeER8Position
FNDA:0,_ZN9StateGrid8set_edgeEii
FNDA:18,_ZN9StateGrid12set_occupiedER8Position
FNDA:39,_ZN9StateGrid9check_posER8Position
FNDA:1,_GLOBAL__sub_I__ZN9StateGridC2Eii
FNDA:0,_ZN9StateGridD2Ev
FNDA:38,_ZN9StateGrid11is_occupiedER8Position
FNDA:24,_ZN9StateGrid8get_edgeEv
FNDA:18,_ZN9StateGridC2Eii
FNF:10
FNH:8
DA:6,18
DA:8,18
DA:9,18
DA:11,18
DA:12,18
DA:13,106
DA:15,88
DA:17,18
DA:19,0
DA:21,0
DA:22,0
DA:23,0
DA:24,0
DA:26,39
DA:29,39
DA:31,1
DA:33,38
DA:35,1
DA:39,37
DA:49,0
DA:51,0
DA:52,0
DA:53,0
DA:55,24
DA:57,24
DA:60,57
DA:62,113
DA:63,56
DA:64,1
DA:65,112
DA:66,56
DA:67,0
DA:68,56
DA:72,18
DA:74,18
DA:76,18
DA:78,18
DA:81,38
DA:83,38
DA:84,3
LF:40
LH:30
end_of_record
